  [1m[35m (195.7ms)[0m  [1m[35mCREATE DATABASE "metrics_api_development" ENCODING = 'unicode'[0m
  [1m[35m (49.2ms)[0m  [1m[35mCREATE DATABASE "metrics_api_test" ENCODING = 'unicode'[0m
  [1m[35m (20.6ms)[0m  [1m[35mCREATE TABLE "schema_migrations" ("version" character varying NOT NULL PRIMARY KEY)[0m
  [1m[35m (5.5ms)[0m  [1m[35mCREATE TABLE "ar_internal_metadata" ("key" character varying NOT NULL PRIMARY KEY, "value" character varying, "created_at" timestamp(6) NOT NULL, "updated_at" timestamp(6) NOT NULL)[0m
  [1m[35m (0.2ms)[0m  [1m[34mSELECT pg_try_advisory_lock(3723532402282546770)[0m
  [1m[35m (0.6ms)[0m  [1m[34mSELECT "schema_migrations"."version" FROM "schema_migrations" ORDER BY "schema_migrations"."version" ASC[0m
Migrating to CreateMetrics (20220819105425)
  [1m[36mTRANSACTION (0.1ms)[0m  [1m[35mBEGIN[0m
  [1m[35m (13.0ms)[0m  [1m[35mCREATE TABLE "metrics" ("id" bigserial primary key, "name" character varying, "timestamp" timestamp, "value" integer, "created_at" timestamp(6) NOT NULL, "updated_at" timestamp(6) NOT NULL)[0m
  [1m[36mActiveRecord::SchemaMigration Create (0.5ms)[0m  [1m[32mINSERT INTO "schema_migrations" ("version") VALUES ($1) RETURNING "version"[0m  [["version", "20220819105425"]]
  [1m[36mTRANSACTION (0.5ms)[0m  [1m[35mCOMMIT[0m
  [1m[36mActiveRecord::InternalMetadata Load (1.0ms)[0m  [1m[34mSELECT "ar_internal_metadata".* FROM "ar_internal_metadata" WHERE "ar_internal_metadata"."key" = $1 LIMIT $2[0m  [["key", "environment"], ["LIMIT", 1]]
  [1m[36mTRANSACTION (0.1ms)[0m  [1m[35mBEGIN[0m
  [1m[36mActiveRecord::InternalMetadata Create (0.9ms)[0m  [1m[32mINSERT INTO "ar_internal_metadata" ("key", "value", "created_at", "updated_at") VALUES ($1, $2, $3, $4) RETURNING "key"[0m  [["key", "environment"], ["value", "development"], ["created_at", "2022-08-19 11:07:44.242411"], ["updated_at", "2022-08-19 11:07:44.242411"]]
  [1m[36mTRANSACTION (0.2ms)[0m  [1m[35mCOMMIT[0m
  [1m[35m (0.4ms)[0m  [1m[34mSELECT pg_advisory_unlock(3723532402282546770)[0m
  [1m[35m (0.6ms)[0m  [1m[34mSELECT "schema_migrations"."version" FROM "schema_migrations" ORDER BY "schema_migrations"."version" ASC[0m
  [1m[35m (0.7ms)[0m  [1m[34mSELECT "schema_migrations"."version" FROM "schema_migrations" ORDER BY "schema_migrations"."version" ASC[0m
  [1m[35m (0.2ms)[0m  [1m[34mSELECT "schema_migrations"."version" FROM "schema_migrations" ORDER BY "schema_migrations"."version" ASC[0m
  [1m[35m (0.2ms)[0m  [1m[34mSELECT "schema_migrations"."version" FROM "schema_migrations" ORDER BY "schema_migrations"."version" ASC[0m
  [1m[35m (0.1ms)[0m  [1m[34mSELECT pg_try_advisory_lock(3723532402282546770)[0m
  [1m[35m (0.2ms)[0m  [1m[34mSELECT "schema_migrations"."version" FROM "schema_migrations" ORDER BY "schema_migrations"."version" ASC[0m
Migrating to CreateMetrics (20220819105425)
  [1m[36mTRANSACTION (0.1ms)[0m  [1m[35mBEGIN[0m
  [1m[35m (8.1ms)[0m  [1m[35mDROP TABLE "metrics"[0m
  [1m[36mActiveRecord::SchemaMigration Destroy (5.4ms)[0m  [1m[31mDELETE FROM "schema_migrations" WHERE "schema_migrations"."version" = $1[0m  [["version", "20220819105425"]]
  [1m[36mTRANSACTION (5.4ms)[0m  [1m[35mCOMMIT[0m
  [1m[35m (0.4ms)[0m  [1m[34mSELECT pg_advisory_unlock(3723532402282546770)[0m
  [1m[35m (1.1ms)[0m  [1m[34mSELECT "schema_migrations"."version" FROM "schema_migrations" ORDER BY "schema_migrations"."version" ASC[0m
  [1m[35m (0.1ms)[0m  [1m[34mSELECT pg_try_advisory_lock(3723532402282546770)[0m
  [1m[35m (0.8ms)[0m  [1m[34mSELECT "schema_migrations"."version" FROM "schema_migrations" ORDER BY "schema_migrations"."version" ASC[0m
Migrating to CreateMetrics (20220819105425)
  [1m[36mTRANSACTION (0.1ms)[0m  [1m[35mBEGIN[0m
  [1m[35m (12.7ms)[0m  [1m[35mCREATE TABLE "metrics" ("id" bigserial primary key, "name" character varying, "key" character varying, "timestamp" timestamp, "value" integer, "created_at" timestamp(6) NOT NULL, "updated_at" timestamp(6) NOT NULL)[0m
  [1m[36mActiveRecord::SchemaMigration Create (0.5ms)[0m  [1m[32mINSERT INTO "schema_migrations" ("version") VALUES ($1) RETURNING "version"[0m  [["version", "20220819105425"]]
  [1m[36mTRANSACTION (2.9ms)[0m  [1m[35mCOMMIT[0m
  [1m[36mActiveRecord::InternalMetadata Load (0.5ms)[0m  [1m[34mSELECT "ar_internal_metadata".* FROM "ar_internal_metadata" WHERE "ar_internal_metadata"."key" = $1 LIMIT $2[0m  [["key", "environment"], ["LIMIT", 1]]
  [1m[35m (0.2ms)[0m  [1m[34mSELECT pg_advisory_unlock(3723532402282546770)[0m
  [1m[35m (0.7ms)[0m  [1m[34mSELECT "schema_migrations"."version" FROM "schema_migrations" ORDER BY "schema_migrations"."version" ASC[0m
  [1m[35m (1.0ms)[0m  [1m[34mSELECT "schema_migrations"."version" FROM "schema_migrations" ORDER BY "schema_migrations"."version" ASC[0m
  [1m[36mMetric Load (5.6ms)[0m  [1m[34mSELECT "metrics".* FROM "metrics" WHERE "metrics"."key" = $1 /* loading for inspect */ LIMIT $2[0m  [["key", "pull_requests:delayed"], ["LIMIT", 11]]
  [1m[35m (0.9ms)[0m  [1m[34mSELECT "schema_migrations"."version" FROM "schema_migrations" ORDER BY "schema_migrations"."version" ASC[0m
  [1m[36mMetric Load (0.6ms)[0m  [1m[34mSELECT "metrics".* FROM "metrics" WHERE "metrics"."key" = $1 /* loading for inspect */ LIMIT $2[0m  [["key", "pull_requests:delayed"], ["LIMIT", 11]]
  [1m[35m (2.1ms)[0m  [1m[34mSELECT "schema_migrations"."version" FROM "schema_migrations" ORDER BY "schema_migrations"."version" ASC[0m
  [1m[36mMetric Load (0.7ms)[0m  [1m[34mSELECT "metrics".* FROM "metrics" WHERE "metrics"."key" = $1 ORDER BY "metrics"."id" ASC LIMIT $2[0m  [["key", "pull_requests:delayed"], ["LIMIT", 1]]
  ↳ app/models/metric.rb:72:in `assign_or_new'
  [1m[36mTRANSACTION (0.1ms)[0m  [1m[35mBEGIN[0m
  ↳ app/models/metric.rb:68:in `update_or_create'
  [1m[36mMetric Create (5.5ms)[0m  [1m[32mINSERT INTO "metrics" ("name", "key", "value", "created_at", "updated_at") VALUES ($1, $2, $3, $4, $5) RETURNING "id"[0m  [["name", "GitHub PR delayed"], ["key", "pull_requests:delayed"], ["value", 3], ["created_at", "2022-08-19 13:16:44.254363"], ["updated_at", "2022-08-19 13:16:44.254363"]]
  ↳ app/models/metric.rb:68:in `update_or_create'
  [1m[36mTRANSACTION (0.6ms)[0m  [1m[35mCOMMIT[0m
  ↳ app/models/metric.rb:68:in `update_or_create'
  [1m[36mMetric Load (0.2ms)[0m  [1m[34mSELECT "metrics".* FROM "metrics" WHERE "metrics"."key" = $1 ORDER BY "metrics"."id" ASC LIMIT $2[0m  [["key", "pull_requests:opened"], ["LIMIT", 1]]
  ↳ app/models/metric.rb:72:in `assign_or_new'
  [1m[36mTRANSACTION (0.1ms)[0m  [1m[35mBEGIN[0m
  ↳ app/models/metric.rb:68:in `update_or_create'
  [1m[36mMetric Create (0.2ms)[0m  [1m[32mINSERT INTO "metrics" ("name", "key", "timestamp", "value", "created_at", "updated_at") VALUES ($1, $2, $3, $4, $5, $6) RETURNING "id"[0m  [["name", "GitHub PR opened"], ["key", "pull_requests:opened"], ["timestamp", "2022-01-01 18:07:22.181723"], ["value", 125], ["created_at", "2022-08-19 13:16:44.263672"], ["updated_at", "2022-08-19 13:16:44.263672"]]
  ↳ app/models/metric.rb:68:in `update_or_create'
  [1m[36mTRANSACTION (0.2ms)[0m  [1m[35mCOMMIT[0m
  ↳ app/models/metric.rb:68:in `update_or_create'
  [1m[36mMetric Load (0.2ms)[0m  [1m[34mSELECT "metrics".* FROM "metrics" WHERE "metrics"."key" = $1 ORDER BY "metrics"."id" ASC LIMIT $2[0m  [["key", "pull_requests:updated"], ["LIMIT", 1]]
  ↳ app/models/metric.rb:72:in `assign_or_new'
  [1m[36mTRANSACTION (0.1ms)[0m  [1m[35mBEGIN[0m
  ↳ app/models/metric.rb:68:in `update_or_create'
  [1m[36mMetric Create (0.2ms)[0m  [1m[32mINSERT INTO "metrics" ("name", "key", "value", "created_at", "updated_at") VALUES ($1, $2, $3, $4, $5) RETURNING "id"[0m  [["name", "GitHub PR updated"], ["key", "pull_requests:updated"], ["value", 45], ["created_at", "2022-08-19 13:16:44.265783"], ["updated_at", "2022-08-19 13:16:44.265783"]]
  ↳ app/models/metric.rb:68:in `update_or_create'
  [1m[36mTRANSACTION (0.2ms)[0m  [1m[35mCOMMIT[0m
  ↳ app/models/metric.rb:68:in `update_or_create'
  [1m[36mMetric Load (0.2ms)[0m  [1m[34mSELECT "metrics".* FROM "metrics" WHERE "metrics"."key" = $1 ORDER BY "metrics"."id" ASC LIMIT $2[0m  [["key", "pull_requests:closed"], ["LIMIT", 1]]
  ↳ app/models/metric.rb:72:in `assign_or_new'
  [1m[36mTRANSACTION (0.1ms)[0m  [1m[35mBEGIN[0m
  ↳ app/models/metric.rb:68:in `update_or_create'
  [1m[36mMetric Create (0.2ms)[0m  [1m[32mINSERT INTO "metrics" ("name", "key", "value", "created_at", "updated_at") VALUES ($1, $2, $3, $4, $5) RETURNING "id"[0m  [["name", "GitHub PR closed"], ["key", "pull_requests:closed"], ["value", 37], ["created_at", "2022-08-19 13:16:44.267964"], ["updated_at", "2022-08-19 13:16:44.267964"]]
  ↳ app/models/metric.rb:68:in `update_or_create'
  [1m[36mTRANSACTION (0.2ms)[0m  [1m[35mCOMMIT[0m
  ↳ app/models/metric.rb:68:in `update_or_create'
  [1m[36mMetric Load (0.4ms)[0m  [1m[34mSELECT "metrics".* FROM "metrics" WHERE "metrics"."key" = $1 ORDER BY "metrics"."id" ASC LIMIT $2[0m  [["key", "pull_requests:drafted"], ["LIMIT", 1]]
  ↳ app/models/metric.rb:72:in `assign_or_new'
  [1m[36mTRANSACTION (0.1ms)[0m  [1m[35mBEGIN[0m
  ↳ app/models/metric.rb:68:in `update_or_create'
  [1m[36mMetric Create (0.7ms)[0m  [1m[32mINSERT INTO "metrics" ("name", "key", "timestamp", "value", "created_at", "updated_at") VALUES ($1, $2, $3, $4, $5, $6) RETURNING "id"[0m  [["name", "GitHub PR drafted"], ["key", "pull_requests:drafted"], ["timestamp", "2022-11-10 18:07:22.181723"], ["value", 12], ["created_at", "2022-08-19 13:16:44.270081"], ["updated_at", "2022-08-19 13:16:44.270081"]]
  ↳ app/models/metric.rb:68:in `update_or_create'
  [1m[36mTRANSACTION (0.3ms)[0m  [1m[35mCOMMIT[0m
  ↳ app/models/metric.rb:68:in `update_or_create'
  [1m[36mMetric Load (0.2ms)[0m  [1m[34mSELECT "metrics".* FROM "metrics" WHERE "metrics"."key" = $1 ORDER BY "metrics"."id" ASC LIMIT $2[0m  [["key", "pull_requests:pending"], ["LIMIT", 1]]
  ↳ app/models/metric.rb:72:in `assign_or_new'
  [1m[36mTRANSACTION (0.1ms)[0m  [1m[35mBEGIN[0m
  ↳ app/models/metric.rb:68:in `update_or_create'
  [1m[36mMetric Create (0.2ms)[0m  [1m[32mINSERT INTO "metrics" ("name", "key", "value", "created_at", "updated_at") VALUES ($1, $2, $3, $4, $5) RETURNING "id"[0m  [["name", "GitHub PR pending"], ["key", "pull_requests:pending"], ["value", 7], ["created_at", "2022-08-19 13:16:44.272548"], ["updated_at", "2022-08-19 13:16:44.272548"]]
  ↳ app/models/metric.rb:68:in `update_or_create'
  [1m[36mTRANSACTION (0.2ms)[0m  [1m[35mCOMMIT[0m
  ↳ app/models/metric.rb:68:in `update_or_create'
  [1m[36mMetric Load (0.1ms)[0m  [1m[34mSELECT "metrics".* FROM "metrics" WHERE "metrics"."key" = $1 ORDER BY "metrics"."id" ASC LIMIT $2[0m  [["key", "pull_requests:merged"], ["LIMIT", 1]]
  ↳ app/models/metric.rb:72:in `assign_or_new'
  [1m[36mTRANSACTION (0.1ms)[0m  [1m[35mBEGIN[0m
  ↳ app/models/metric.rb:68:in `update_or_create'
  [1m[36mMetric Create (0.2ms)[0m  [1m[32mINSERT INTO "metrics" ("name", "key", "value", "created_at", "updated_at") VALUES ($1, $2, $3, $4, $5) RETURNING "id"[0m  [["name", "GitHub PR merged"], ["key", "pull_requests:merged"], ["value", 33], ["created_at", "2022-08-19 13:16:44.274357"], ["updated_at", "2022-08-19 13:16:44.274357"]]
  ↳ app/models/metric.rb:68:in `update_or_create'
  [1m[36mTRANSACTION (0.2ms)[0m  [1m[35mCOMMIT[0m
  ↳ app/models/metric.rb:68:in `update_or_create'
  [1m[36mMetric Load (0.1ms)[0m  [1m[34mSELECT "metrics".* FROM "metrics" WHERE "metrics"."key" = $1 ORDER BY "metrics"."id" ASC LIMIT $2[0m  [["key", "pull_requests:deployed"], ["LIMIT", 1]]
  ↳ app/models/metric.rb:72:in `assign_or_new'
  [1m[36mTRANSACTION (0.1ms)[0m  [1m[35mBEGIN[0m
  ↳ app/models/metric.rb:68:in `update_or_create'
  [1m[36mMetric Create (0.2ms)[0m  [1m[32mINSERT INTO "metrics" ("name", "key", "value", "created_at", "updated_at") VALUES ($1, $2, $3, $4, $5) RETURNING "id"[0m  [["name", "GitHub PR deployed"], ["key", "pull_requests:deployed"], ["value", 14], ["created_at", "2022-08-19 13:16:44.276086"], ["updated_at", "2022-08-19 13:16:44.276086"]]
  ↳ app/models/metric.rb:68:in `update_or_create'
  [1m[36mTRANSACTION (0.2ms)[0m  [1m[35mCOMMIT[0m
  ↳ app/models/metric.rb:68:in `update_or_create'
  [1m[36mMetric Load (0.4ms)[0m  [1m[34mSELECT "metrics".* FROM "metrics" ORDER BY "metrics"."id" ASC LIMIT $1[0m  [["LIMIT", 1]]
  [1m[35m (1.0ms)[0m  [1m[34mSELECT "schema_migrations"."version" FROM "schema_migrations" ORDER BY "schema_migrations"."version" ASC[0m
  [1m[36mMetric Load (0.6ms)[0m  [1m[34mSELECT "metrics".* FROM "metrics" WHERE "metrics"."key" = $1 ORDER BY "metrics"."id" ASC LIMIT $2[0m  [["key", "pull_requests:delayed"], ["LIMIT", 1]]
  ↳ app/models/metric.rb:72:in `assign_or_new'
  [1m[36mTRANSACTION (0.1ms)[0m  [1m[35mBEGIN[0m
  ↳ app/models/metric.rb:68:in `update_or_create'
  [1m[36mMetric Update (0.5ms)[0m  [1m[33mUPDATE "metrics" SET "timestamp" = $1, "updated_at" = $2 WHERE "metrics"."id" = $3[0m  [["timestamp", "2022-07-21 11:17:22.181723"], ["updated_at", "2022-08-19 13:21:20.381058"], ["id", 1]]
  ↳ app/models/metric.rb:68:in `update_or_create'
  [1m[36mTRANSACTION (1.5ms)[0m  [1m[35mCOMMIT[0m
  ↳ app/models/metric.rb:68:in `update_or_create'
  [1m[36mMetric Load (0.3ms)[0m  [1m[34mSELECT "metrics".* FROM "metrics" WHERE "metrics"."key" = $1 ORDER BY "metrics"."id" ASC LIMIT $2[0m  [["key", "pull_requests:opened"], ["LIMIT", 1]]
  ↳ app/models/metric.rb:72:in `assign_or_new'
  [1m[36mMetric Load (0.2ms)[0m  [1m[34mSELECT "metrics".* FROM "metrics" WHERE "metrics"."key" = $1 ORDER BY "metrics"."id" ASC LIMIT $2[0m  [["key", "pull_requests:updated"], ["LIMIT", 1]]
  ↳ app/models/metric.rb:72:in `assign_or_new'
  [1m[36mTRANSACTION (0.1ms)[0m  [1m[35mBEGIN[0m
  ↳ app/models/metric.rb:68:in `update_or_create'
  [1m[36mMetric Update (0.3ms)[0m  [1m[33mUPDATE "metrics" SET "timestamp" = $1, "updated_at" = $2 WHERE "metrics"."id" = $3[0m  [["timestamp", "2022-09-20 18:07:22.181723"], ["updated_at", "2022-08-19 13:21:20.390186"], ["id", 3]]
  ↳ app/models/metric.rb:68:in `update_or_create'
  [1m[36mTRANSACTION (0.2ms)[0m  [1m[35mCOMMIT[0m
  ↳ app/models/metric.rb:68:in `update_or_create'
  [1m[36mMetric Load (0.2ms)[0m  [1m[34mSELECT "metrics".* FROM "metrics" WHERE "metrics"."key" = $1 ORDER BY "metrics"."id" ASC LIMIT $2[0m  [["key", "pull_requests:closed"], ["LIMIT", 1]]
  ↳ app/models/metric.rb:72:in `assign_or_new'
  [1m[36mTRANSACTION (0.1ms)[0m  [1m[35mBEGIN[0m
  ↳ app/models/metric.rb:68:in `update_or_create'
  [1m[36mMetric Update (0.3ms)[0m  [1m[33mUPDATE "metrics" SET "timestamp" = $1, "updated_at" = $2 WHERE "metrics"."id" = $3[0m  [["timestamp", "2022-03-21 18:06:22.181723"], ["updated_at", "2022-08-19 13:21:20.392434"], ["id", 4]]
  ↳ app/models/metric.rb:68:in `update_or_create'
  [1m[36mTRANSACTION (0.4ms)[0m  [1m[35mCOMMIT[0m
  ↳ app/models/metric.rb:68:in `update_or_create'
  [1m[36mMetric Load (0.3ms)[0m  [1m[34mSELECT "metrics".* FROM "metrics" WHERE "metrics"."key" = $1 ORDER BY "metrics"."id" ASC LIMIT $2[0m  [["key", "pull_requests:drafted"], ["LIMIT", 1]]
  ↳ app/models/metric.rb:72:in `assign_or_new'
  [1m[36mTRANSACTION (0.1ms)[0m  [1m[35mBEGIN[0m
  ↳ app/models/metric.rb:68:in `update_or_create'
  [1m[36mMetric Update (0.3ms)[0m  [1m[33mUPDATE "metrics" SET "timestamp" = $1, "updated_at" = $2 WHERE "metrics"."id" = $3[0m  [["timestamp", "2022-01-10 18:17:22.181723"], ["updated_at", "2022-08-19 13:21:20.394708"], ["id", 5]]
  ↳ app/models/metric.rb:68:in `update_or_create'
  [1m[36mTRANSACTION (0.3ms)[0m  [1m[35mCOMMIT[0m
  ↳ app/models/metric.rb:68:in `update_or_create'
  [1m[36mMetric Load (0.2ms)[0m  [1m[34mSELECT "metrics".* FROM "metrics" WHERE "metrics"."key" = $1 ORDER BY "metrics"."id" ASC LIMIT $2[0m  [["key", "pull_requests:pending"], ["LIMIT", 1]]
  ↳ app/models/metric.rb:72:in `assign_or_new'
  [1m[36mTRANSACTION (0.1ms)[0m  [1m[35mBEGIN[0m
  ↳ app/models/metric.rb:68:in `update_or_create'
  [1m[36mMetric Update (0.2ms)[0m  [1m[33mUPDATE "metrics" SET "timestamp" = $1, "updated_at" = $2 WHERE "metrics"."id" = $3[0m  [["timestamp", "2022-06-17 08:07:22.181723"], ["updated_at", "2022-08-19 13:21:20.396730"], ["id", 6]]
  ↳ app/models/metric.rb:68:in `update_or_create'
  [1m[36mTRANSACTION (0.2ms)[0m  [1m[35mCOMMIT[0m
  ↳ app/models/metric.rb:68:in `update_or_create'
  [1m[36mMetric Load (0.1ms)[0m  [1m[34mSELECT "metrics".* FROM "metrics" WHERE "metrics"."key" = $1 ORDER BY "metrics"."id" ASC LIMIT $2[0m  [["key", "pull_requests:merged"], ["LIMIT", 1]]
  ↳ app/models/metric.rb:72:in `assign_or_new'
  [1m[36mTRANSACTION (0.1ms)[0m  [1m[35mBEGIN[0m
  ↳ app/models/metric.rb:68:in `update_or_create'
  [1m[36mMetric Update (0.2ms)[0m  [1m[33mUPDATE "metrics" SET "timestamp" = $1, "updated_at" = $2 WHERE "metrics"."id" = $3[0m  [["timestamp", "2022-10-20 10:07:22.181723"], ["updated_at", "2022-08-19 13:21:20.398579"], ["id", 7]]
  ↳ app/models/metric.rb:68:in `update_or_create'
  [1m[36mTRANSACTION (0.2ms)[0m  [1m[35mCOMMIT[0m
  ↳ app/models/metric.rb:68:in `update_or_create'
  [1m[36mMetric Load (0.1ms)[0m  [1m[34mSELECT "metrics".* FROM "metrics" WHERE "metrics"."key" = $1 ORDER BY "metrics"."id" ASC LIMIT $2[0m  [["key", "pull_requests:deployed"], ["LIMIT", 1]]
  ↳ app/models/metric.rb:72:in `assign_or_new'
  [1m[36mTRANSACTION (0.1ms)[0m  [1m[35mBEGIN[0m
  ↳ app/models/metric.rb:68:in `update_or_create'
  [1m[36mMetric Update (0.2ms)[0m  [1m[33mUPDATE "metrics" SET "timestamp" = $1, "updated_at" = $2 WHERE "metrics"."id" = $3[0m  [["timestamp", "2022-10-22 11:07:22.181723"], ["updated_at", "2022-08-19 13:21:20.400381"], ["id", 8]]
  ↳ app/models/metric.rb:68:in `update_or_create'
  [1m[36mTRANSACTION (0.2ms)[0m  [1m[35mCOMMIT[0m
  ↳ app/models/metric.rb:68:in `update_or_create'
  [1m[36mMetric Load (0.7ms)[0m  [1m[34mSELECT "metrics".* FROM "metrics" ORDER BY "metrics"."id" ASC LIMIT $1[0m  [["LIMIT", 1]]
  [1m[36mMetric Load (0.4ms)[0m  [1m[34mSELECT "metrics".* FROM "metrics" ORDER BY "metrics"."id" ASC LIMIT $1[0m  [["LIMIT", 1]]
  [1m[36mMetric Load (0.4ms)[0m  [1m[34mSELECT "metrics".* FROM "metrics" ORDER BY "metrics"."id" ASC LIMIT $1[0m  [["LIMIT", 1]]
  [1m[36mMetric Load (0.4ms)[0m  [1m[34mSELECT "metrics".* FROM "metrics" ORDER BY "metrics"."id" ASC LIMIT $1[0m  [["LIMIT", 1]]
  [1m[36mMetric Load (1.1ms)[0m  [1m[34mSELECT "metrics".* FROM "metrics" ORDER BY "metrics"."id" ASC LIMIT $1[0m  [["LIMIT", 1]]
  [1m[36mMetric Load (1.0ms)[0m  [1m[34mSELECT "metrics".* FROM "metrics" ORDER BY "metrics"."id" ASC LIMIT $1[0m  [["LIMIT", 1]]
  [1m[36mMetric Load (0.7ms)[0m  [1m[34mSELECT "metrics".* FROM "metrics" ORDER BY "metrics"."id" ASC LIMIT $1[0m  [["LIMIT", 1]]
Started GET "/" for 127.0.0.1 at 2022-08-19 21:23:02 +0200
  [1m[35m (1.1ms)[0m  [1m[34mSELECT "schema_migrations"."version" FROM "schema_migrations" ORDER BY "schema_migrations"."version" ASC[0m
Processing by PagesController#index as HTML
  Rendering layout layouts/application.html.erb
  Rendering pages/index.html.erb within layouts/application
  Rendered pages/index.html.erb within layouts/application (Duration: 1.0ms | Allocations: 331)
[Webpacker] Compiling...
[Webpacker] Compiled all packs in /Users/mashkourabdelaziz/Devs/tests/metrics-api/public/packs
[Webpacker] warning ../../../package.json: No license field

[Webpacker] Hash: 33e5ee7b99969fd6e582
Version: webpack 4.46.0
Time: 1983ms
Built at: 08/19/2022 9:23:06 PM
                                     Asset       Size       Chunks                         Chunk Names
    js/application-19ade39cc333985062bf.js    125 KiB  application  [emitted] [immutable]  application
js/application-19ade39cc333985062bf.js.map    139 KiB  application  [emitted] [dev]        application
    js/hello_react-4801e2a3df9f746d51fb.js   1.25 MiB  hello_react  [emitted] [immutable]  hello_react
js/hello_react-4801e2a3df9f746d51fb.js.map   1.44 MiB  hello_react  [emitted] [dev]        hello_react
                             manifest.json  703 bytes               [emitted]              
Entrypoint application = js/application-19ade39cc333985062bf.js js/application-19ade39cc333985062bf.js.map
Entrypoint hello_react = js/hello_react-4801e2a3df9f746d51fb.js js/hello_react-4801e2a3df9f746d51fb.js.map
[./app/javascript/channels sync recursive _channel\.js$] ./app/javascript/channels sync _channel\.js$ 160 bytes {application} [built]
[./app/javascript/channels/index.js] 211 bytes {application} [built]
[./app/javascript/packs/application.js] 492 bytes {application} [built]
[./app/javascript/packs/hello_react.jsx] 1.08 KiB {hello_react} [built]
[./node_modules/webpack/buildin/global.js] (webpack)/buildin/global.js 863 bytes {hello_react} [built]
[./node_modules/webpack/buildin/module.js] (webpack)/buildin/module.js 552 bytes {application} {hello_react} [built]
    + 20 hidden modules

  Rendered layout layouts/application.html.erb (Duration: 3810.9ms | Allocations: 17892)
Completed 200 OK in 3826ms (Views: 3815.2ms | ActiveRecord: 0.0ms | Allocations: 21505)


Started GET "/api/v1/metrics.json" for 127.0.0.1 at 2022-08-19 21:23:34 +0200
Processing by Api::V1::MetricsController#index as JSON
  [1m[36mMetric Load (1.4ms)[0m  [1m[34mSELECT "metrics".* FROM "metrics"[0m
  ↳ app/controllers/api/v1/metrics_controller.rb:7:in `index'
Completed 200 OK in 20ms (Views: 0.2ms | ActiveRecord: 7.0ms | Allocations: 6732)


Started GET "/api/v1/metrics.json" for 127.0.0.1 at 2022-08-19 21:24:19 +0200
Processing by Api::V1::MetricsController#index as JSON
  Parameters: {"channel"=>"@kamir", "text"=>"Cc, Slack!", "metric"=>{}}
  [1m[36mMetric Load (0.7ms)[0m  [1m[34mSELECT "metrics".* FROM "metrics"[0m
  ↳ app/controllers/api/v1/metrics_controller.rb:7:in `index'
Completed 200 OK in 5ms (Views: 0.1ms | ActiveRecord: 0.7ms | Allocations: 1759)


Started POST "/api/v1/metrics.json" for 127.0.0.1 at 2022-08-19 21:27:02 +0200
Processing by Api::V1::MetricsController#create as JSON
  Parameters: {"name"=>"Slack message sent", "key"=>"slack_message:sent", "value"=>3, "timestamp"=>"2022-01-01T18:07:22.181Z", "metric"=>{"name"=>"Slack message sent", "key"=>"slack_message:sent", "timestamp"=>"2022-01-01T18:07:22.181Z", "value"=>3}}
Can't verify CSRF token authenticity.
Completed 422 Unprocessable Entity in 2ms (ActiveRecord: 0.0ms | Allocations: 453)


  
ActionController::InvalidAuthenticityToken (ActionController::InvalidAuthenticityToken):
  
actionpack (6.1.6.1) lib/action_controller/metal/request_forgery_protection.rb:211:in `handle_unverified_request'
actionpack (6.1.6.1) lib/action_controller/metal/request_forgery_protection.rb:243:in `handle_unverified_request'
actionpack (6.1.6.1) lib/action_controller/metal/request_forgery_protection.rb:238:in `verify_authenticity_token'
activesupport (6.1.6.1) lib/active_support/callbacks.rb:427:in `block in make_lambda'
activesupport (6.1.6.1) lib/active_support/callbacks.rb:198:in `block (2 levels) in halting'
actionpack (6.1.6.1) lib/abstract_controller/callbacks.rb:34:in `block (2 levels) in <module:Callbacks>'
activesupport (6.1.6.1) lib/active_support/callbacks.rb:199:in `block in halting'
activesupport (6.1.6.1) lib/active_support/callbacks.rb:512:in `block in invoke_before'
activesupport (6.1.6.1) lib/active_support/callbacks.rb:512:in `each'
activesupport (6.1.6.1) lib/active_support/callbacks.rb:512:in `invoke_before'
activesupport (6.1.6.1) lib/active_support/callbacks.rb:115:in `block in run_callbacks'
activesupport (6.1.6.1) lib/active_support/callbacks.rb:137:in `run_callbacks'
actionpack (6.1.6.1) lib/abstract_controller/callbacks.rb:41:in `process_action'
actionpack (6.1.6.1) lib/action_controller/metal/rescue.rb:22:in `process_action'
actionpack (6.1.6.1) lib/action_controller/metal/instrumentation.rb:34:in `block in process_action'
activesupport (6.1.6.1) lib/active_support/notifications.rb:203:in `block in instrument'
activesupport (6.1.6.1) lib/active_support/notifications/instrumenter.rb:24:in `instrument'
activesupport (6.1.6.1) lib/active_support/notifications.rb:203:in `instrument'
actionpack (6.1.6.1) lib/action_controller/metal/instrumentation.rb:33:in `process_action'
actionpack (6.1.6.1) lib/action_controller/metal/params_wrapper.rb:249:in `process_action'
activerecord (6.1.6.1) lib/active_record/railties/controller_runtime.rb:27:in `process_action'
actionpack (6.1.6.1) lib/abstract_controller/base.rb:165:in `process'
actionview (6.1.6.1) lib/action_view/rendering.rb:39:in `process'
actionpack (6.1.6.1) lib/action_controller/metal.rb:190:in `dispatch'
actionpack (6.1.6.1) lib/action_controller/metal.rb:254:in `dispatch'
actionpack (6.1.6.1) lib/action_dispatch/routing/route_set.rb:50:in `dispatch'
actionpack (6.1.6.1) lib/action_dispatch/routing/route_set.rb:33:in `serve'
actionpack (6.1.6.1) lib/action_dispatch/journey/router.rb:50:in `block in serve'
actionpack (6.1.6.1) lib/action_dispatch/journey/router.rb:32:in `each'
actionpack (6.1.6.1) lib/action_dispatch/journey/router.rb:32:in `serve'
actionpack (6.1.6.1) lib/action_dispatch/routing/route_set.rb:842:in `call'
rack (2.2.4) lib/rack/tempfile_reaper.rb:15:in `call'
rack (2.2.4) lib/rack/etag.rb:27:in `call'
rack (2.2.4) lib/rack/conditional_get.rb:40:in `call'
rack (2.2.4) lib/rack/head.rb:12:in `call'
actionpack (6.1.6.1) lib/action_dispatch/http/permissions_policy.rb:22:in `call'
actionpack (6.1.6.1) lib/action_dispatch/http/content_security_policy.rb:19:in `call'
rack (2.2.4) lib/rack/session/abstract/id.rb:266:in `context'
rack (2.2.4) lib/rack/session/abstract/id.rb:260:in `call'
actionpack (6.1.6.1) lib/action_dispatch/middleware/cookies.rb:689:in `call'
activerecord (6.1.6.1) lib/active_record/migration.rb:601:in `call'
actionpack (6.1.6.1) lib/action_dispatch/middleware/callbacks.rb:27:in `block in call'
activesupport (6.1.6.1) lib/active_support/callbacks.rb:98:in `run_callbacks'
actionpack (6.1.6.1) lib/action_dispatch/middleware/callbacks.rb:26:in `call'
actionpack (6.1.6.1) lib/action_dispatch/middleware/executor.rb:14:in `call'
actionpack (6.1.6.1) lib/action_dispatch/middleware/actionable_exceptions.rb:18:in `call'
actionpack (6.1.6.1) lib/action_dispatch/middleware/debug_exceptions.rb:29:in `call'
web-console (4.2.0) lib/web_console/middleware.rb:132:in `call_app'
web-console (4.2.0) lib/web_console/middleware.rb:28:in `block in call'
web-console (4.2.0) lib/web_console/middleware.rb:17:in `catch'
web-console (4.2.0) lib/web_console/middleware.rb:17:in `call'
actionpack (6.1.6.1) lib/action_dispatch/middleware/show_exceptions.rb:33:in `call'
railties (6.1.6.1) lib/rails/rack/logger.rb:37:in `call_app'
railties (6.1.6.1) lib/rails/rack/logger.rb:26:in `block in call'
activesupport (6.1.6.1) lib/active_support/tagged_logging.rb:99:in `block in tagged'
activesupport (6.1.6.1) lib/active_support/tagged_logging.rb:37:in `tagged'
activesupport (6.1.6.1) lib/active_support/tagged_logging.rb:99:in `tagged'
railties (6.1.6.1) lib/rails/rack/logger.rb:26:in `call'
sprockets-rails (3.4.2) lib/sprockets/rails/quiet_assets.rb:13:in `call'
actionpack (6.1.6.1) lib/action_dispatch/middleware/remote_ip.rb:81:in `call'
actionpack (6.1.6.1) lib/action_dispatch/middleware/request_id.rb:26:in `call'
rack (2.2.4) lib/rack/method_override.rb:24:in `call'
rack (2.2.4) lib/rack/runtime.rb:22:in `call'
activesupport (6.1.6.1) lib/active_support/cache/strategy/local_cache_middleware.rb:29:in `call'
actionpack (6.1.6.1) lib/action_dispatch/middleware/executor.rb:14:in `call'
actionpack (6.1.6.1) lib/action_dispatch/middleware/static.rb:24:in `call'
rack (2.2.4) lib/rack/sendfile.rb:110:in `call'
actionpack (6.1.6.1) lib/action_dispatch/middleware/host_authorization.rb:148:in `call'
rack-mini-profiler (2.3.4) lib/mini_profiler/profiler.rb:393:in `call'
webpacker (5.4.3) lib/webpacker/dev_server_proxy.rb:25:in `perform_request'
rack-proxy (0.7.2) lib/rack/proxy.rb:67:in `call'
railties (6.1.6.1) lib/rails/engine.rb:539:in `call'
puma (5.6.4) lib/puma/configuration.rb:252:in `call'
puma (5.6.4) lib/puma/request.rb:77:in `block in handle_request'
puma (5.6.4) lib/puma/thread_pool.rb:340:in `with_force_shutdown'
puma (5.6.4) lib/puma/request.rb:76:in `handle_request'
puma (5.6.4) lib/puma/server.rb:441:in `process_client'
puma (5.6.4) lib/puma/thread_pool.rb:147:in `block in spawn_thread'
Started POST "/api/v1/metrics.json" for 127.0.0.1 at 2022-08-19 21:28:32 +0200
Processing by Api::V1::MetricsController#create as JSON
  Parameters: {"name"=>"Slack message sent", "key"=>"slack_message:sent", "value"=>3, "timestamp"=>"2022-01-01T18:07:22.181Z", "metric"=>{"name"=>"Slack message sent", "key"=>"slack_message:sent", "timestamp"=>"2022-01-01T18:07:22.181Z", "value"=>3}}
Can't verify CSRF token authenticity.
  [1m[36mTRANSACTION (1.3ms)[0m  [1m[35mBEGIN[0m
  ↳ app/controllers/api/v1/metrics_controller.rb:14:in `create'
  [1m[36mMetric Create (2.3ms)[0m  [1m[32mINSERT INTO "metrics" ("name", "key", "timestamp", "value", "created_at", "updated_at") VALUES ($1, $2, $3, $4, $5, $6) RETURNING "id"[0m  [["name", "Slack message sent"], ["key", "slack_message:sent"], ["timestamp", "2022-01-01 18:07:22.181000"], ["value", 3], ["created_at", "2022-08-19 19:28:32.744115"], ["updated_at", "2022-08-19 19:28:32.744115"]]
  ↳ app/controllers/api/v1/metrics_controller.rb:14:in `create'
  [1m[36mTRANSACTION (1.5ms)[0m  [1m[35mCOMMIT[0m
  ↳ app/controllers/api/v1/metrics_controller.rb:14:in `create'
Completed 200 OK in 19ms (Views: 0.2ms | ActiveRecord: 11.1ms | Allocations: 5697)


Started GET "/api/v1/metrics.json" for 127.0.0.1 at 2022-08-19 21:32:20 +0200
Processing by Api::V1::MetricsController#index as JSON
  [1m[36mMetric Load (2.3ms)[0m  [1m[34mSELECT "metrics".* FROM "metrics"[0m
  ↳ app/controllers/api/v1/metrics_controller.rb:8:in `index'
Completed 200 OK in 14ms (Views: 0.3ms | ActiveRecord: 2.3ms | Allocations: 1963)


Started GET "/" for 127.0.0.1 at 2022-08-19 21:32:26 +0200
Processing by PagesController#index as HTML
  Rendering layout layouts/application.html.erb
  Rendering pages/index.html.erb within layouts/application
  Rendered pages/index.html.erb within layouts/application (Duration: 0.1ms | Allocations: 37)
[Webpacker] Everything's up-to-date. Nothing to do
  Rendered layout layouts/application.html.erb (Duration: 20.3ms | Allocations: 3732)
Completed 200 OK in 23ms (Views: 21.7ms | ActiveRecord: 0.0ms | Allocations: 4246)


Started GET "/" for 127.0.0.1 at 2022-08-19 21:44:15 +0200
Processing by PagesController#index as HTML
  Rendering layout layouts/application.html.erb
  Rendering pages/index.html.erb within layouts/application
  Rendered pages/index.html.erb within layouts/application (Duration: 2.9ms | Allocations: 110)
[Webpacker] Everything's up-to-date. Nothing to do
  Rendered layout layouts/application.html.erb (Duration: 11.4ms | Allocations: 3846)
Completed 200 OK in 14ms (Views: 12.8ms | Allocations: 4937)


